{"name": "test_delete_items", "status": "failed", "statusDetails": {"message": "AssertionError: Locator expected to have text 'Cart is empty!'\nActual value: None\nError: element(s) not found \nCall log:\n  - Expect \"to_have_text\" with timeout 5000ms\n  - waiting for locator(\"#empty_cart>p>b\")", "trace": "page = <Page url='https://automationexercise.com/'>\n\n    def test_delete_items(page):\n        Hp = Homepagedress(page)\n        Hp.add_dress_to_cart(0)\n        Cp = Cartpage(page)\n>       expect(Cp.cart_empty).to_have_text('Cart is empty!')\nE       AssertionError: Locator expected to have text 'Cart is empty!'\nE       Actual value: None\nE       Error: element(s) not found \nE       Call log:\nE         - Expect \"to_have_text\" with timeout 5000ms\nE         - waiting for locator(\"#empty_cart>p>b\")\n\nTests\\test_purchase_flow.py:36: AssertionError"}, "attachments": [{"name": "stdout", "source": "908ea068-bef6-4de6-baa4-7a451dc8edac-attachment.txt", "type": "text/plain"}], "start": 1770953530583, "stop": 1770953536135, "uuid": "bace0d3b-8669-49ba-8a18-c78623eeb810", "historyId": "20ca813ea05bc3529b5aa6cba5df8889", "testCaseId": "20ca813ea05bc3529b5aa6cba5df8889", "fullName": "Tests.test_purchase_flow#test_delete_items", "labels": [{"name": "parentSuite", "value": "Tests"}, {"name": "suite", "value": "test_purchase_flow"}, {"name": "host", "value": "DESKTOP-9U9P0SS"}, {"name": "thread", "value": "8632-MainThread"}, {"name": "framework", "value": "pytest"}, {"name": "language", "value": "cpython3"}, {"name": "package", "value": "Tests.test_purchase_flow"}], "titlePath": ["Tests", "test_purchase_flow.py"]}