{"name": "test_register_user", "status": "failed", "statusDetails": {"message": "AssertionError: Locator expected to be visible\nActual value: None\nSyntaxError: Failed to execute 'querySelectorAll' on 'Document': '[b:has-text(\"ACCOUNT CREATED!\")]' is not a valid selector.\n    at query (<anonymous>:5288:41)\n    at <anonymous>:5298:7\n    at SelectorEvaluatorImpl._cached (<anonymous>:5075:20)\n    at SelectorEvaluatorImpl._queryCSS (<anonymous>:5285:17)\n    at SelectorEvaluatorImpl._querySimple (<anonymous>:5165:19)\n    at <anonymous>:5113:29\n    at SelectorEvaluatorImpl._cached (<anonymous>:5075:20)\n    at SelectorEvaluatorImpl.query (<anonymous>:5106:19)\n    at Object.query (<anonymous>:5320:44)\n    at <anonymous>:5278:21 \nCall log:\n  - Expect \"to_be_visible\" with timeout 5000ms\n  - waiting for locator(\"[b:has-text(\\\"ACCOUNT CREATED!\\\")]\")", "trace": "page = <Page url='https://automationexercise.com/account_created'>\n\n    def test_register_user(page):\n        homepage = HomePage(page)\n        signupregpage = Signupregpage(page)\n        signup = Signuppage(page)\n        homepage.Signup_Login.click()\n        signupregpage.enter_rand_user_name_email()\n        signupregpage.signup_button.click()\n        signup.title_mr_radio.check()\n        cf = Config()\n        signup.password.fill(cf.password)\n        signup.date_select(cf.day,cf.month,cf.year)\n        signup.news_letter_checkbox.check()\n        signup.offer_chekbox.check()\n        rd = RandomDataUtil()\n        signup.first_name.fill(rd.get_first_name())\n        signup.last_name.fill(rd.get_last_name())\n        signup.Company.fill(cf.company)\n        signup.Address.fill(rd.get_random_address())\n        signup.Address_two.fill(rd.get_random_address())\n        signup.country_select('Canada')\n        expect(signup.Country).to_have_value('Canada')\n        signup.Address_state.fill(rd.get_random_state())\n        signup.Address_zipcode.fill(rd.get_random_numeric(6))\n        signup.mobile_number.fill(rd.get_random_numeric(10))\n        signup.city.fill(rd.get_random_city())\n        signup.create_account.click()\n        succ_acct = SuccAccCreated(page)\n>       expect(succ_acct.succ_acc_creation_label).to_be_visible()\nE       AssertionError: Locator expected to be visible\nE       Actual value: None\nE       SyntaxError: Failed to execute 'querySelectorAll' on 'Document': '[b:has-text(\"ACCOUNT CREATED!\")]' is not a valid selector.\nE           at query (<anonymous>:5288:41)\nE           at <anonymous>:5298:7\nE           at SelectorEvaluatorImpl._cached (<anonymous>:5075:20)\nE           at SelectorEvaluatorImpl._queryCSS (<anonymous>:5285:17)\nE           at SelectorEvaluatorImpl._querySimple (<anonymous>:5165:19)\nE           at <anonymous>:5113:29\nE           at SelectorEvaluatorImpl._cached (<anonymous>:5075:20)\nE           at SelectorEvaluatorImpl.query (<anonymous>:5106:19)\nE           at Object.query (<anonymous>:5320:44)\nE           at <anonymous>:5278:21 \nE       Call log:\nE         - Expect \"to_be_visible\" with timeout 5000ms\nE         - waiting for locator(\"[b:has-text(\\\"ACCOUNT CREATED!\\\")]\")\n\nTests\\test_register_user.py:60: AssertionError"}, "attachments": [{"name": "stdout", "source": "94cf6f0f-70ff-4443-8b3a-326cc4427be0-attachment.txt", "type": "text/plain"}], "start": 1770716604382, "stop": 1770716607154, "uuid": "c3bbba62-a78c-4c64-abf1-b2b7d63de14a", "historyId": "983ea5a355442276c9ca30ebf9425ead", "testCaseId": "983ea5a355442276c9ca30ebf9425ead", "fullName": "Tests.test_register_user#test_register_user", "labels": [{"name": "parentSuite", "value": "Tests"}, {"name": "suite", "value": "test_register_user"}, {"name": "host", "value": "DESKTOP-9U9P0SS"}, {"name": "thread", "value": "12620-MainThread"}, {"name": "framework", "value": "pytest"}, {"name": "language", "value": "cpython3"}, {"name": "package", "value": "Tests.test_register_user"}], "titlePath": ["Tests", "test_register_user.py"]}