{"name": "test_category", "status": "failed", "statusDetails": {"message": "AssertionError: Locator expected to be visible\nActual value: None\nError: Unexpected token \"(\" while parsing css selector \"(a[href='/category_products/3']\". Did you mean to CSS.escape it? \nCall log:\n  - Expect \"to_be_visible\" with timeout 5000ms\n  - waiting for (a[href='/category_products/3']", "trace": "page = <Page url='https://automationexercise.com/'>\n\n    def test_category(page: Page):\n        Hp = Homepagedress(page)\n        Hp.expand_women_category()\n        expect(Hp.women_dress).to_be_visible()\n        Hp.expand_men_category()\n>       expect(Hp.men_dress).to_be_visible()\nE       AssertionError: Locator expected to be visible\nE       Actual value: None\nE       Error: Unexpected token \"(\" while parsing css selector \"(a[href='/category_products/3']\". Did you mean to CSS.escape it? \nE       Call log:\nE         - Expect \"to_be_visible\" with timeout 5000ms\nE         - waiting for (a[href='/category_products/3']\n\nTests\\test_purchase_flow.py:10: AssertionError"}, "attachments": [{"name": "stdout", "source": "7c5f1dcd-feca-4a4a-9766-6c0f01234341-attachment.txt", "type": "text/plain"}], "start": 1770836871137, "stop": 1770836872298, "uuid": "5cfbdb7d-8690-4ac6-9855-c8e47053d9a8", "historyId": "8d1724e9f15168dae8d60f61453814ce", "testCaseId": "8d1724e9f15168dae8d60f61453814ce", "fullName": "Tests.test_purchase_flow#test_category", "labels": [{"name": "parentSuite", "value": "Tests"}, {"name": "suite", "value": "test_purchase_flow"}, {"name": "host", "value": "DESKTOP-9U9P0SS"}, {"name": "thread", "value": "1748-MainThread"}, {"name": "framework", "value": "pytest"}, {"name": "language", "value": "cpython3"}, {"name": "package", "value": "Tests.test_purchase_flow"}], "titlePath": ["Tests", "test_purchase_flow.py"]}