{"name": "test_contact_up", "status": "failed", "statusDetails": {"message": "AssertionError: Locator expected to have text 'Success! Your details have been submitted successfully.'\nActual value:  \nCall log:\n  - Expect \"to_have_text\" with timeout 5000ms\n  - waiting for locator(\".status.alert.alert-success\")\n    9 × locator resolved to <div class=\"status alert alert-success\"></div>\n      - unexpected value \"\"", "trace": "page = <Page url='https://automationexercise.com/contact_us'>\n\n    def test_contact_up(page):\n        Hp = Homepagedress(page)\n        Hp.contact_us.click()\n        Cu = ContactUsPage(page)\n        Cu.name_input.fill('test')\n        Cu.email_input.fill('test@test.com')\n        Cu.subject_input.fill('Test-Subject@@@@@')\n        Cu.message_textarea.fill('Test Message here')\n        Cu.upload_file()\n        page.wait_for_timeout(2000)\n        Cu.handle_pop_up()\n        Cu.submit_button.click()\n>       expect(Cu.success_message).to_have_text('Success! Your details have been submitted successfully.')\nE       AssertionError: Locator expected to have text 'Success! Your details have been submitted successfully.'\nE       Actual value:  \nE       Call log:\nE         - Expect \"to_have_text\" with timeout 5000ms\nE         - waiting for locator(\".status.alert.alert-success\")\nE           9 × locator resolved to <div class=\"status alert alert-success\"></div>\nE             - unexpected value \"\"\n\nTests\\test_contact_us_options.py:23: AssertionError"}, "attachments": [{"name": "log", "source": "41c2f083-bcbd-4a89-bb5e-2ac0ce92fd37-attachment.txt", "type": "text/plain"}, {"name": "stdout", "source": "1470898e-9928-4b19-ada6-5019a367282c-attachment.txt", "type": "text/plain"}], "start": 1770974360820, "stop": 1770974369734, "uuid": "acd1baab-b117-4bc3-a9d1-74fc302c760d", "historyId": "6da3814d55b2a995f098a1b2a84a0fdb", "testCaseId": "6da3814d55b2a995f098a1b2a84a0fdb", "fullName": "Tests.test_contact_us_options#test_contact_up", "labels": [{"name": "parentSuite", "value": "Tests"}, {"name": "suite", "value": "test_contact_us_options"}, {"name": "host", "value": "DESKTOP-9U9P0SS"}, {"name": "thread", "value": "15184-MainThread"}, {"name": "framework", "value": "pytest"}, {"name": "language", "value": "cpython3"}, {"name": "package", "value": "Tests.test_contact_us_options"}], "titlePath": ["Tests", "test_contact_us_options.py"]}