{"name": "test_category", "status": "failed", "statusDetails": {"message": "AssertionError: Locator expected to be visible\nActual value: hidden \nCall log:\n  - Expect \"to_be_visible\" with timeout 5000ms\n  - waiting for locator(\"xpath=(//a[contains(text(),\\\"Tshirts\\\")])[1]\")\n    9 × locator resolved to <a href=\"/category_products/3\">Tshirts </a>\n      - unexpected value \"hidden\"", "trace": "page = <Page url='https://automationexercise.com/'>\n\n    def test_category(page: Page):\n        Hp = Homepagedress(page)\n        Hp.expand_women_category()\n        expect(Hp.women_dress).to_be_visible()\n        Hp.expand_men_category()\n>       expect(Hp.men_dress).to_be_visible()\nE       AssertionError: Locator expected to be visible\nE       Actual value: hidden \nE       Call log:\nE         - Expect \"to_be_visible\" with timeout 5000ms\nE         - waiting for locator(\"xpath=(//a[contains(text(),\\\"Tshirts\\\")])[1]\")\nE           9 × locator resolved to <a href=\"/category_products/3\">Tshirts </a>\nE             - unexpected value \"hidden\"\n\nTests\\test_purchase_flow.py:10: AssertionError"}, "attachments": [{"name": "stdout", "source": "642fed55-5640-4488-be3f-f1342c528438-attachment.txt", "type": "text/plain"}], "start": 1770836539157, "stop": 1770836544487, "uuid": "7645f95c-a46f-419a-97bf-1c28c27186f6", "historyId": "8d1724e9f15168dae8d60f61453814ce", "testCaseId": "8d1724e9f15168dae8d60f61453814ce", "fullName": "Tests.test_purchase_flow#test_category", "labels": [{"name": "parentSuite", "value": "Tests"}, {"name": "suite", "value": "test_purchase_flow"}, {"name": "host", "value": "DESKTOP-9U9P0SS"}, {"name": "thread", "value": "13044-MainThread"}, {"name": "framework", "value": "pytest"}, {"name": "language", "value": "cpython3"}, {"name": "package", "value": "Tests.test_purchase_flow"}], "titlePath": ["Tests", "test_purchase_flow.py"]}